Removed 210 invalid variants.
100%|█████████████████████████████████████████████████████████████████████████████████████████████████████████████████████████████████████████████████████████████████████| 361/361 [00:12<00:00, 28.14it/s]
Round 1 score: 0.223594702257 variants: [['TotalSF', 'linearize_order_2']]
100%|█████████████████████████████████████████████████████████████████████████████████████████████████████████████████████████████████████████████████████████████████████| 355/355 [00:10<00:00, 33.84it/s]
Round 2 score: 0.173595740738 variants: [['TotalSF', 'linearize_order_2'], ['OverallQual', 'target_mean']]
100%|█████████████████████████████████████████████████████████████████████████████████████████████████████████████████████████████████████████████████████████████████████| 352/352 [00:10<00:00, 35.07it/s]
Round 3 score: 0.153542111249 variants: [['TotalSF', 'linearize_order_2'], ['OverallQual', 'target_mean'], ['Neighborhood', 'one_hot']]
100%|█████████████████████████████████████████████████████████████████████████████████████████████████████████████████████████████████████████████████████████████████████| 349/349 [00:14<00:00, 23.73it/s]
Round 4 score: 0.14366874501 variants: [['TotalSF', 'linearize_order_2'], ['OverallQual', 'target_mean'], ['Neighborhood', 'one_hot'], ['OverallCond', 'one_hot']]
100%|█████████████████████████████████████████████████████████████████████████████████████████████████████████████████████████████████████████████████████████████████████| 346/346 [00:34<00:00,  9.99it/s]
Round 5 score: 0.135834169982 variants: [['TotalSF', 'linearize_order_2'], ['OverallQual', 'target_mean'], ['Neighborhood', 'one_hot'], ['OverallCond', 'one_hot'], ['BsmtUnfSF', 'none']]
100%|█████████████████████████████████████████████████████████████████████████████████████████████████████████████████████████████████████████████████████████████████████| 340/340 [00:33<00:00, 10.23it/s]
Round 6 score: 0.129517433717 variants: [['TotalSF', 'linearize_order_2'], ['OverallQual', 'target_mean'], ['Neighborhood', 'one_hot'], ['OverallCond', 'one_hot'], ['BsmtUnfSF', 'none'], ['Age', 'quantile_bin(10)']]
100%|█████████████████████████████████████████████████████████████████████████████████████████████████████████████████████████████████████████████████████████████████████| 333/333 [00:30<00:00, 10.76it/s]
Round 7 score: 0.123788279697 variants: [['TotalSF', 'linearize_order_2'], ['OverallQual', 'target_mean'], ['Neighborhood', 'one_hot'], ['OverallCond', 'one_hot'], ['BsmtUnfSF', 'none'], ['Age', 'quantile_bin(10)'], ['LotArea', 'none']]
100%|█████████████████████████████████████████████████████████████████████████████████████████████████████████████████████████████████████████████████████████████████████| 327/327 [00:50<00:00,  6.41it/s]
Round 8 score: 0.121116512866 variants: [['TotalSF', 'linearize_order_2'], ['OverallQual', 'target_mean'], ['Neighborhood', 'one_hot'], ['OverallCond', 'one_hot'], ['BsmtUnfSF', 'none'], ['Age', 'quantile_bin(10)'], ['LotArea', 'none'], ['GarageCars', 'none']]
100%|█████████████████████████████████████████████████████████████████████████████████████████████████████████████████████████████████████████████████████████████████████| 323/323 [00:31<00:00, 10.22it/s]
Round 9 score: 0.118932550892 variants: [['TotalSF', 'linearize_order_2'], ['OverallQual', 'target_mean'], ['Neighborhood', 'one_hot'], ['OverallCond', 'one_hot'], ['BsmtUnfSF', 'none'], ['Age', 'quantile_bin(10)'], ['LotArea', 'none'], ['GarageCars', 'none'], ['MSZoning', 'one_hot']]
100%|█████████████████████████████████████████████████████████████████████████████████████████████████████████████████████████████████████████████████████████████████████| 320/320 [00:53<00:00,  6.01it/s]
Round 10 score: 0.117019869671 variants: [['TotalSF', 'linearize_order_2'], ['OverallQual', 'target_mean'], ['Neighborhood', 'one_hot'], ['OverallCond', 'one_hot'], ['BsmtUnfSF', 'none'], ['Age', 'quantile_bin(10)'], ['LotArea', 'none'], ['GarageCars', 'none'], ['MSZoning', 'one_hot'], ['Fireplaces', 'none']]
100%|█████████████████████████████████████████████████████████████████████████████████████████████████████████████████████████████████████████████████████████████████████| 316/316 [01:09<00:00,  4.58it/s]
Round 11 score: 0.115438315692 variants: [['TotalSF', 'linearize_order_2'], ['OverallQual', 'target_mean'], ['Neighborhood', 'one_hot'], ['OverallCond', 'one_hot'], ['BsmtUnfSF', 'none'], ['Age', 'quantile_bin(10)'], ['LotArea', 'none'], ['GarageCars', 'none'], ['MSZoning', 'one_hot'], ['Fireplaces', 'none'], ['Functional', 'label_encoding']]
100%|█████████████████████████████████████████████████████████████████████████████████████████████████████████████████████████████████████████████████████████████████████| 313/313 [00:37<00:00,  8.27it/s]
Round 12 score: 0.114056514001 variants: [['TotalSF', 'linearize_order_2'], ['OverallQual', 'target_mean'], ['Neighborhood', 'one_hot'], ['OverallCond', 'one_hot'], ['BsmtUnfSF', 'none'], ['Age', 'quantile_bin(10)'], ['LotArea', 'none'], ['GarageCars', 'none'], ['MSZoning', 'one_hot'], ['Fireplaces', 'none'], ['Functional', 'label_encoding'], ['SaleCondition', 'target_mean']]
100%|█████████████████████████████████████████████████████████████████████████████████████████████████████████████████████████████████████████████████████████████████████| 310/310 [00:40<00:00,  7.65it/s]
Round 13 score: 0.112958786219 variants: [['TotalSF', 'linearize_order_2'], ['OverallQual', 'target_mean'], ['Neighborhood', 'one_hot'], ['OverallCond', 'one_hot'], ['BsmtUnfSF', 'none'], ['Age', 'quantile_bin(10)'], ['LotArea', 'none'], ['GarageCars', 'none'], ['MSZoning', 'one_hot'], ['Fireplaces', 'none'], ['Functional', 'label_encoding'], ['SaleCondition', 'target_mean'], ['Condition1', 'one_hot']]
100%|█████████████████████████████████████████████████████████████████████████████████████████████████████████████████████████████████████████████████████████████████████| 307/307 [00:43<00:00,  7.08it/s]
Round 14 score: 0.111709284384 variants: [['TotalSF', 'linearize_order_2'], ['OverallQual', 'target_mean'], ['Neighborhood', 'one_hot'], ['OverallCond', 'one_hot'], ['BsmtUnfSF', 'none'], ['Age', 'quantile_bin(10)'], ['LotArea', 'none'], ['GarageCars', 'none'], ['MSZoning', 'one_hot'], ['Fireplaces', 'none'], ['Functional', 'label_encoding'], ['SaleCondition', 'target_mean'], ['Condition1', 'one_hot'], ['GrLivArea', 'linearize_order_2']]
100%|█████████████████████████████████████████████████████████████████████████████████████████████████████████████████████████████████████████████████████████████████████| 301/301 [00:44<00:00,  6.79it/s]
Round 15 score: 0.110593953608 variants: [['TotalSF', 'linearize_order_2'], ['OverallQual', 'target_mean'], ['Neighborhood', 'one_hot'], ['OverallCond', 'one_hot'], ['BsmtUnfSF', 'none'], ['Age', 'quantile_bin(10)'], ['LotArea', 'none'], ['GarageCars', 'none'], ['MSZoning', 'one_hot'], ['Fireplaces', 'none'], ['Functional', 'label_encoding'], ['SaleCondition', 'target_mean'], ['Condition1', 'one_hot'], ['GrLivArea', 'linearize_order_2'], ['YearBuilt', 'none']]
100%|█████████████████████████████████████████████████████████████████████████████████████████████████████████████████████████████████████████████████████████████████████| 295/295 [01:18<00:00,  3.75it/s]
Round 16 score: 0.10962923928 variants: [['TotalSF', 'linearize_order_2'], ['OverallQual', 'target_mean'], ['Neighborhood', 'one_hot'], ['OverallCond', 'one_hot'], ['BsmtUnfSF', 'none'], ['Age', 'quantile_bin(10)'], ['LotArea', 'none'], ['GarageCars', 'none'], ['MSZoning', 'one_hot'], ['Fireplaces', 'none'], ['Functional', 'label_encoding'], ['SaleCondition', 'target_mean'], ['Condition1', 'one_hot'], ['GrLivArea', 'linearize_order_2'], ['YearBuilt', 'none'], ['KitchenQual', 'one_hot']]
100%|██████████████████████████████████████████████████████████████████████████████████████████████